1471894773.947887 client started (6196): socket /private/tmp/tmux-501/default, protocol 8
1471894773.947922 on Darwin 15.6.0 Darwin Kernel Version 15.6.0: Thu Jun 23 18:25:34 PDT 2016; root:xnu-3248.60.10~1/RELEASE_X86_64; libevent 2.0.22-stable (kqueue)
1471894773.947960 socket is /private/tmp/tmux-501/default
1471894773.947974 trying connect
1471894773.948047 add peer 0x7f90e381de00: 5 (0x0)
1471894773.949576 sending message 100 to peer 0x7f90e381de00 (4 bytes)
1471894773.949601 sending message 101 to peer 0x7f90e381de00 (16 bytes)
1471894773.949609 sending message 102 to peer 0x7f90e381de00 (13 bytes)
1471894773.949615 sending message 108 to peer 0x7f90e381de00 (58 bytes)
1471894773.949629 sending message 104 to peer 0x7f90e381de00 (0 bytes)
1471894773.949635 sending message 107 to peer 0x7f90e381de00 (4 bytes)
1471894773.949641 sending message 105 to peer 0x7f90e381de00 (48 bytes)
1471894773.949647 sending message 105 to peer 0x7f90e381de00 (41 bytes)
1471894773.949652 sending message 105 to peer 0x7f90e381de00 (29 bytes)
1471894773.949658 sending message 105 to peer 0x7f90e381de00 (16 bytes)
1471894773.949663 sending message 105 to peer 0x7f90e381de00 (76 bytes)
1471894773.949669 sending message 105 to peer 0x7f90e381de00 (11 bytes)
1471894773.949674 sending message 105 to peer 0x7f90e381de00 (11 bytes)
1471894773.949679 sending message 105 to peer 0x7f90e381de00 (32 bytes)
1471894773.949685 sending message 105 to peer 0x7f90e381de00 (18 bytes)
1471894773.949690 sending message 105 to peer 0x7f90e381de00 (13 bytes)
1471894773.949695 sending message 105 to peer 0x7f90e381de00 (15 bytes)
1471894773.949700 sending message 105 to peer 0x7f90e381de00 (18 bytes)
1471894773.949705 sending message 105 to peer 0x7f90e381de00 (14 bytes)
1471894773.949711 sending message 105 to peer 0x7f90e381de00 (32 bytes)
1471894773.949716 sending message 105 to peer 0x7f90e381de00 (65 bytes)
1471894773.949721 sending message 105 to peer 0x7f90e381de00 (14 bytes)
1471894773.949726 sending message 105 to peer 0x7f90e381de00 (329 bytes)
1471894773.949731 sending message 105 to peer 0x7f90e381de00 (17 bytes)
1471894773.949737 sending message 105 to peer 0x7f90e381de00 (62 bytes)
1471894773.949742 sending message 105 to peer 0x7f90e381de00 (25 bytes)
1471894773.949747 sending message 105 to peer 0x7f90e381de00 (8 bytes)
1471894773.949752 sending message 105 to peer 0x7f90e381de00 (66 bytes)
1471894773.949757 sending message 105 to peer 0x7f90e381de00 (21 bytes)
1471894773.949762 sending message 105 to peer 0x7f90e381de00 (28 bytes)
1471894773.949767 sending message 105 to peer 0x7f90e381de00 (27 bytes)
1471894773.949772 sending message 105 to peer 0x7f90e381de00 (53 bytes)
1471894773.949777 sending message 105 to peer 0x7f90e381de00 (57 bytes)
1471894773.949782 sending message 105 to peer 0x7f90e381de00 (42 bytes)
1471894773.949787 sending message 105 to peer 0x7f90e381de00 (13 bytes)
1471894773.949792 sending message 105 to peer 0x7f90e381de00 (11 bytes)
1471894773.949798 sending message 105 to peer 0x7f90e381de00 (14 bytes)
1471894773.949803 sending message 105 to peer 0x7f90e381de00 (19 bytes)
1471894773.949808 sending message 105 to peer 0x7f90e381de00 (22 bytes)
1471894773.949814 sending message 105 to peer 0x7f90e381de00 (38 bytes)
1471894773.949819 sending message 106 to peer 0x7f90e381de00 (0 bytes)
1471894773.949827 sending message 200 to peer 0x7f90e381de00 (4 bytes)
1471894773.949833 client loop enter
1471894773.953257 peer 0x7f90e381de00 message 211
1471894773.953287 peer 0x7f90e381de00 message 203
1471894773.953294 client loop exit
